2026-04-30 21:05:19,375 - httpx - INFO - HTTP Request: GET http://test/search?destination=Paris "HTTP/1.1 200 OK"
2026-04-30 21:05:20,889 - httpx - INFO - HTTP Request: GET http://test/search?destination=Berlin "HTTP/1.1 200 OK"
2026-04-30 21:05:25,549 - httpx - INFO - HTTP Request: GET http://test/search?destination=Paris "HTTP/1.1 200 OK"
2026-04-30 21:05:25,554 - httpx - INFO - HTTP Request: GET http://test/search?destination=Paris "HTTP/1.1 200 OK"
2026-04-30 21:05:25,557 - app.core.rate_limiter - WARNING - Rate limit exceeded for 127.0.0.1 on /search
2026-04-30 21:05:25,557 - app.core.dependencies - WARNING - Rate limit exceeded for 127.0.0.1 on /search
2026-04-30 21:05:25,558 - httpx - INFO - HTTP Request: GET http://test/search?destination=Paris "HTTP/1.1 429 Too Many Requests"
2026-04-30 21:05:25,560 - app.core.rate_limiter - WARNING - Rate limit exceeded for 127.0.0.1 on /search
2026-04-30 21:05:25,560 - app.core.dependencies - WARNING - Rate limit exceeded for 127.0.0.1 on /search
2026-04-30 21:05:25,561 - httpx - INFO - HTTP Request: GET http://test/search?destination=Paris "HTTP/1.1 429 Too Many Requests"
2026-04-30 21:05:25,564 - app.core.rate_limiter - WARNING - Rate limit exceeded for 127.0.0.1 on /search
2026-04-30 21:05:25,564 - app.core.dependencies - WARNING - Rate limit exceeded for 127.0.0.1 on /search
2026-04-30 21:05:25,564 - httpx - INFO - HTTP Request: GET http://test/search?destination=Paris "HTTP/1.1 429 Too Many Requests"
2026-04-30 21:05:25,568 - app.core.rate_limiter - WARNING - Rate limit exceeded for 127.0.0.1 on /search
2026-04-30 21:05:25,568 - app.core.dependencies - WARNING - Rate limit exceeded for 127.0.0.1 on /search
2026-04-30 21:05:25,569 - httpx - INFO - HTTP Request: GET http://test/search?destination=Paris "HTTP/1.1 429 Too Many Requests"
2026-04-30 21:05:25,573 - app.core.rate_limiter - WARNING - Rate limit exceeded for 127.0.0.1 on /search
2026-04-30 21:05:25,573 - app.core.dependencies - WARNING - Rate limit exceeded for 127.0.0.1 on /search
2026-04-30 21:05:25,573 - httpx - INFO - HTTP Request: GET http://test/search?destination=Paris "HTTP/1.1 429 Too Many Requests"
2026-04-30 21:15:16,385 - httpx - INFO - HTTP Request: GET http://test/search?destination=Berlin "HTTP/1.1 200 OK"
2026-04-30 21:15:16,390 - httpx - INFO - HTTP Request: GET http://test/search?destination=Berlin "HTTP/1.1 200 OK"
2026-04-30 21:15:16,395 - httpx - INFO - HTTP Request: GET http://test/search?destination=Berlin "HTTP/1.1 200 OK"
2026-04-30 21:15:16,399 - httpx - INFO - HTTP Request: GET http://test/search?destination=Berlin "HTTP/1.1 200 OK"
2026-04-30 21:15:16,406 - httpx - INFO - HTTP Request: GET http://test/search?destination=Berlin "HTTP/1.1 200 OK"
2026-04-30 21:15:16,410 - app.core.rate_limiter - WARNING - Rate limit exceeded for 127.0.0.1 on /search
2026-04-30 21:15:16,410 - app.core.dependencies - WARNING - Rate limit exceeded for 127.0.0.1 on /search
2026-04-30 21:15:16,410 - httpx - INFO - HTTP Request: GET http://test/search?destination=Berlin "HTTP/1.1 429 Too Many Requests"
2026-04-30 21:15:16,414 - app.core.rate_limiter - WARNING - Rate limit exceeded for 127.0.0.1 on /search
2026-04-30 21:15:16,415 - app.core.dependencies - WARNING - Rate limit exceeded for 127.0.0.1 on /search
2026-04-30 21:15:16,415 - httpx - INFO - HTTP Request: GET http://test/search?destination=Berlin "HTTP/1.1 429 Too Many Requests"
2026-04-30 21:17:12,628 - __main__ - INFO - Redis connected
2026-04-30 21:18:13,597 - __main__ - INFO - Redis disconnected
2026-05-01 16:49:34,121 - app.main - ERROR - Redis cache error: Error 22 connecting to localhost:6379. The remote computer refused the network connection.
2026-05-01 16:49:55,062 - app.main - ERROR - Redis cache error: Error 22 connecting to localhost:6379. The remote computer refused the network connection.
2026-05-01 16:49:55,064 - httpx - INFO - HTTP Request: GET http://test/search?destination=Paris "HTTP/1.1 200 OK"
2026-05-01 16:52:19,015 - app.main - ERROR - Redis cache error: Error 22 connecting to localhost:6379. The remote computer refused the network connection.
2026-05-01 16:52:41,592 - app.main - ERROR - Redis cache error: Error 22 connecting to localhost:6379. The remote computer refused the network connection.
2026-05-01 16:52:41,593 - httpx - INFO - HTTP Request: GET http://test/search?destination=Paris "HTTP/1.1 200 OK"
2026-05-01 16:52:41,595 - httpx - INFO - HTTP Request: GET http://test/health "HTTP/1.1 200 OK"
2026-05-01 16:53:04,456 - app.main - ERROR - Redis cache error: Error 22 connecting to localhost:6379. The remote computer refused the network connection.
2026-05-01 16:53:25,746 - app.main - ERROR - Redis cache error: Error 22 connecting to localhost:6379. The remote computer refused the network connection.
2026-05-01 16:53:25,746 - httpx - INFO - HTTP Request: GET http://test/search?destination=Berlin "HTTP/1.1 200 OK"
2026-05-01 16:53:48,577 - app.main - ERROR - Redis cache error: Error 22 connecting to localhost:6379. The remote computer refused the network connection.
2026-05-01 16:54:33,524 - app.main - ERROR - Redis cache error: Timeout connecting to server
2026-05-01 17:01:07,913 - app.services.cache - ERROR - Redis cache get error: Timeout connecting to server
2026-05-01 17:01:22,772 - app.services.cache - ERROR - Redis cache set error: Timeout connecting to server
2026-05-01 17:01:22,773 - httpx - INFO - HTTP Request: GET http://test/search?destination=Paris "HTTP/1.1 200 OK"
2026-05-01 17:26:23,955 - __main__ - WARNING - Redis unavailable, running without cache/rate limiting: Timeout connecting to server
2026-05-01 17:28:00,308 - app.services.cache - ERROR - Redis cache get error: Timeout connecting to server
2026-05-01 17:28:37,318 - app.services.cache - INFO - Cache miss: v1:search:paris:none
2026-05-01 17:28:39,332 - httpx - INFO - HTTP Request: GET http://test/search?destination=Paris "HTTP/1.1 200 OK"
2026-05-01 17:28:39,333 - httpx - INFO - HTTP Request: GET http://test/health "HTTP/1.1 200 OK"
2026-05-01 17:28:53,084 - app.services.cache - INFO - Cache miss: v1:search:paris:none
2026-05-01 17:28:55,109 - httpx - INFO - HTTP Request: GET http://test/search?destination=Paris "HTTP/1.1 200 OK"
2026-05-01 17:28:55,621 - app.services.cache - INFO - Cache miss: v1:search:berlin:300.0
2026-05-01 17:28:57,646 - httpx - INFO - HTTP Request: GET http://test/search?destination=Berlin&max_price=300 "HTTP/1.1 200 OK"
2026-05-01 17:28:57,647 - httpx - INFO - HTTP Request: GET http://test/health "HTTP/1.1 200 OK"
2026-05-01 17:28:58,159 - app.services.cache - INFO - Cache miss: v1:search:rome:none
2026-05-01 17:29:00,174 - httpx - INFO - HTTP Request: GET http://test/search?destination=Rome "HTTP/1.1 200 OK"
2026-05-01 17:29:00,686 - app.services.cache - INFO - Cache miss: v1:search:rome:none
2026-05-01 17:29:02,705 - httpx - INFO - HTTP Request: GET http://test/search?destination=Rome "HTTP/1.1 200 OK"
2026-05-01 17:29:03,217 - app.services.cache - INFO - Cache miss: v1:search:rome:none
2026-05-01 17:29:05,243 - httpx - INFO - HTTP Request: GET http://test/search?destination=Rome "HTTP/1.1 200 OK"
2026-05-01 17:29:05,756 - app.services.cache - INFO - Cache miss: v1:search:rome:none
2026-05-01 17:29:07,787 - httpx - INFO - HTTP Request: GET http://test/search?destination=Rome "HTTP/1.1 200 OK"
2026-05-01 17:29:08,300 - app.services.cache - INFO - Cache miss: v1:search:rome:none
2026-05-01 17:29:10,321 - httpx - INFO - HTTP Request: GET http://test/search?destination=Rome "HTTP/1.1 200 OK"
2026-05-01 17:29:10,834 - app.services.cache - INFO - Cache miss: v1:search:rome:none
2026-05-01 17:29:12,853 - httpx - INFO - HTTP Request: GET http://test/search?destination=Rome "HTTP/1.1 200 OK"
2026-05-01 17:29:13,365 - app.services.cache - INFO - Cache miss: v1:search:rome:none
2026-05-01 17:29:15,386 - httpx - INFO - HTTP Request: GET http://test/search?destination=Rome "HTTP/1.1 200 OK"
2026-05-01 17:31:00,735 - __main__ - WARNING - Redis unavailable, running without cache/rate limiting: Timeout connecting to server
2026-05-01 17:31:26,504 - app.services.cache - INFO - Cache miss: v1:search:berlin:none
2026-05-01 17:31:38,896 - app.services.cache - INFO - Cache miss: v1:search:berlin:300.0
2026-05-01 17:32:07,444 - app.services.cache - INFO - Cache hit: v1:search:berlin:300.0
2026-05-01 17:32:09,196 - app.services.cache - INFO - Cache hit: v1:search:berlin:300.0
2026-05-01 17:32:11,685 - app.services.cache - INFO - Cache hit: v1:search:berlin:300.0
2026-05-01 17:32:12,515 - app.services.cache - INFO - Cache hit: v1:search:berlin:300.0
2026-05-01 17:32:13,084 - app.services.cache - INFO - Cache hit: v1:search:berlin:300.0
2026-05-01 17:32:13,512 - app.services.cache - INFO - Cache hit: v1:search:berlin:300.0
2026-05-01 17:32:13,901 - app.services.cache - INFO - Cache hit: v1:search:berlin:300.0
2026-05-01 17:32:14,296 - app.services.cache - INFO - Cache hit: v1:search:berlin:300.0
2026-05-01 17:32:15,083 - app.services.cache - INFO - Cache hit: v1:search:berlin:300.0
2026-05-01 17:32:15,283 - app.services.cache - INFO - Cache hit: v1:search:berlin:300.0
2026-05-01 17:32:15,443 - app.services.cache - INFO - Cache hit: v1:search:berlin:300.0
2026-05-01 17:32:15,591 - app.services.cache - INFO - Cache hit: v1:search:berlin:300.0
2026-05-01 17:32:16,136 - app.services.cache - INFO - Cache hit: v1:search:berlin:300.0
2026-05-01 17:32:16,298 - app.services.cache - INFO - Cache hit: v1:search:berlin:300.0
2026-05-01 17:32:16,436 - app.services.cache - INFO - Cache hit: v1:search:berlin:300.0
2026-05-01 17:32:16,589 - app.services.cache - INFO - Cache hit: v1:search:berlin:300.0
2026-05-01 17:32:16,744 - app.services.cache - INFO - Cache hit: v1:search:berlin:300.0
2026-05-01 17:32:16,902 - app.services.cache - INFO - Cache hit: v1:search:berlin:300.0
2026-05-01 17:32:17,059 - app.services.cache - INFO - Cache hit: v1:search:berlin:300.0
2026-05-01 17:32:17,219 - app.services.cache - INFO - Cache hit: v1:search:berlin:300.0
2026-05-01 17:32:17,365 - app.services.cache - INFO - Cache hit: v1:search:berlin:300.0
2026-05-01 17:32:17,505 - app.services.cache - INFO - Cache hit: v1:search:berlin:300.0
2026-05-01 17:32:17,668 - app.services.cache - INFO - Cache hit: v1:search:berlin:300.0
2026-05-01 17:32:17,826 - app.services.cache - INFO - Cache hit: v1:search:berlin:300.0
2026-05-01 17:32:17,976 - app.services.cache - INFO - Cache hit: v1:search:berlin:300.0
2026-05-01 17:32:18,274 - app.services.cache - INFO - Cache hit: v1:search:berlin:300.0
2026-05-01 17:32:54,737 - __main__ - INFO - Redis disconnected
2026-05-01 17:33:06,464 - __main__ - INFO - Redis connected
2026-05-01 17:34:52,615 - app.services.cache - INFO - Cache miss: v1:search:berlin:300.0
2026-05-01 17:39:54,344 - asyncio - ERROR - Task exception was never retrieved
future: <Task finished name='Task-15' coro=<IocpProactor.accept.<locals>.accept_coro() done, defined at C:\Users\humer\AppData\Local\Programs\Python\Python313\Lib\asyncio\windows_events.py:564> exception=OSError(22, 'The specified network name is no longer available', None, 64, None)>
Traceback (most recent call last):
  File "C:\Users\humer\AppData\Local\Programs\Python\Python313\Lib\asyncio\windows_events.py", line 567, in accept_coro
    await future
  File "C:\Users\humer\AppData\Local\Programs\Python\Python313\Lib\asyncio\windows_events.py", line 804, in _poll
    value = callback(transferred, key, ov)
  File "C:\Users\humer\AppData\Local\Programs\Python\Python313\Lib\asyncio\windows_events.py", line 556, in finish_accept
    ov.getresult()
    ~~~~~~~~~~~~^^
OSError: [WinError 64] The specified network name is no longer available
2026-05-01 17:39:54,367 - asyncio - ERROR - Accept failed on a socket
socket: <asyncio.TransportSocket fd=744, family=2, type=1, proto=6, laddr=('127.0.0.1', 8000)>
Traceback (most recent call last):
  File "C:\Users\humer\AppData\Local\Programs\Python\Python313\Lib\asyncio\proactor_events.py", line 845, in loop
    conn, addr = f.result()
                 ~~~~~~~~^^
OSError: [WinError 64] The specified network name is no longer available
2026-05-01 17:39:54,370 - app.services.cache - INFO - Cache miss: v1:search:paris:none
2026-05-01 17:40:08,478 - __main__ - INFO - Redis disconnected
2026-05-01 17:40:10,699 - __main__ - INFO - Redis connected
2026-05-01 17:40:14,082 - app.services.cache - INFO - Cache hit: v1:search:paris:none
2026-05-01 17:40:15,523 - app.services.cache - INFO - Cache hit: v1:search:paris:none
2026-05-01 17:40:16,405 - app.services.cache - INFO - Cache hit: v1:search:paris:none
2026-05-01 17:40:17,207 - app.services.cache - INFO - Cache hit: v1:search:paris:none
2026-05-01 17:40:18,115 - app.services.cache - INFO - Cache hit: v1:search:paris:none
2026-05-01 17:40:18,910 - app.core.rate_limiter - WARNING - Rate limit exceeded for 127.0.0.1 on /search
2026-05-01 17:40:18,910 - app.core.dependencies - WARNING - Rate limit exceeded for 127.0.0.1 on /search
2026-05-01 17:40:19,708 - app.core.rate_limiter - WARNING - Rate limit exceeded for 127.0.0.1 on /search
2026-05-01 17:40:19,709 - app.core.dependencies - WARNING - Rate limit exceeded for 127.0.0.1 on /search
2026-05-01 17:40:20,975 - app.core.rate_limiter - WARNING - Rate limit exceeded for 127.0.0.1 on /search
2026-05-01 17:40:20,976 - app.core.dependencies - WARNING - Rate limit exceeded for 127.0.0.1 on /search
2026-05-01 17:43:54,722 - app.core.rate_limiter - WARNING - Rate limit exceeded for 127.0.0.1 on /debug/reset-db
2026-05-01 17:43:54,722 - app.core.dependencies - WARNING - Rate limit exceeded for 127.0.0.1 on /debug/reset-db
2026-05-01 17:43:55,660 - app.core.rate_limiter - WARNING - Rate limit exceeded for 127.0.0.1 on /debug/reset-db
2026-05-01 17:43:55,660 - app.core.dependencies - WARNING - Rate limit exceeded for 127.0.0.1 on /debug/reset-db
2026-05-01 20:12:07,308 - __main__ - INFO - Redis disconnected
